ARM GAS  C:\Users\tugru\AppData\Local\Temp\ccCdot6I.s 			page 1


   1              		.cpu cortex-m4
   2              		.arch armv7e-m
   3              		.fpu fpv4-sp-d16
   4              		.eabi_attribute 27, 1
   5              		.eabi_attribute 28, 1
   6              		.eabi_attribute 20, 1
   7              		.eabi_attribute 21, 1
   8              		.eabi_attribute 23, 3
   9              		.eabi_attribute 24, 1
  10              		.eabi_attribute 25, 1
  11              		.eabi_attribute 26, 1
  12              		.eabi_attribute 30, 1
  13              		.eabi_attribute 34, 1
  14              		.eabi_attribute 18, 4
  15              		.file	"stm32f4xx_hal_msp.c"
  16              		.text
  17              	.Ltext0:
  18              		.cfi_sections	.debug_frame
  19              		.section	.text.HAL_MspInit,"ax",%progbits
  20              		.align	1
  21              		.global	HAL_MspInit
  22              		.syntax unified
  23              		.thumb
  24              		.thumb_func
  26              	HAL_MspInit:
  27              	.LFB134:
  28              		.file 1 "Core/Src/stm32f4xx_hal_msp.c"
   1:Core/Src/stm32f4xx_hal_msp.c **** 
   2:Core/Src/stm32f4xx_hal_msp.c **** /* USER CODE BEGIN Header */
   3:Core/Src/stm32f4xx_hal_msp.c **** /**
   4:Core/Src/stm32f4xx_hal_msp.c ****   ******************************************************************************
   5:Core/Src/stm32f4xx_hal_msp.c ****   * @file         stm32f4xx_hal_msp.c
   6:Core/Src/stm32f4xx_hal_msp.c ****   * @brief        This file provides code for the MSP Initialization
   7:Core/Src/stm32f4xx_hal_msp.c ****   *               and de-Initialization codes.
   8:Core/Src/stm32f4xx_hal_msp.c ****   ******************************************************************************
   9:Core/Src/stm32f4xx_hal_msp.c ****   * @attention
  10:Core/Src/stm32f4xx_hal_msp.c ****   *
  11:Core/Src/stm32f4xx_hal_msp.c ****   * Copyright (c) 2024 STMicroelectronics.
  12:Core/Src/stm32f4xx_hal_msp.c ****   * All rights reserved.
  13:Core/Src/stm32f4xx_hal_msp.c ****   *
  14:Core/Src/stm32f4xx_hal_msp.c ****   * This software is licensed under terms that can be found in the LICENSE file
  15:Core/Src/stm32f4xx_hal_msp.c ****   * in the root directory of this software component.
  16:Core/Src/stm32f4xx_hal_msp.c ****   * If no LICENSE file comes with this software, it is provided AS-IS.
  17:Core/Src/stm32f4xx_hal_msp.c ****   *
  18:Core/Src/stm32f4xx_hal_msp.c ****   ******************************************************************************
  19:Core/Src/stm32f4xx_hal_msp.c ****   */
  20:Core/Src/stm32f4xx_hal_msp.c **** /* USER CODE END Header */
  21:Core/Src/stm32f4xx_hal_msp.c **** 
  22:Core/Src/stm32f4xx_hal_msp.c **** /* Includes ------------------------------------------------------------------*/
  23:Core/Src/stm32f4xx_hal_msp.c **** #include "main.h"
  24:Core/Src/stm32f4xx_hal_msp.c **** /* USER CODE BEGIN Includes */
  25:Core/Src/stm32f4xx_hal_msp.c **** 
  26:Core/Src/stm32f4xx_hal_msp.c **** /* USER CODE END Includes */
  27:Core/Src/stm32f4xx_hal_msp.c **** 
  28:Core/Src/stm32f4xx_hal_msp.c **** /* Private typedef -----------------------------------------------------------*/
  29:Core/Src/stm32f4xx_hal_msp.c **** /* USER CODE BEGIN TD */
  30:Core/Src/stm32f4xx_hal_msp.c **** 
ARM GAS  C:\Users\tugru\AppData\Local\Temp\ccCdot6I.s 			page 2


  31:Core/Src/stm32f4xx_hal_msp.c **** /* USER CODE END TD */
  32:Core/Src/stm32f4xx_hal_msp.c **** 
  33:Core/Src/stm32f4xx_hal_msp.c **** /* Private define ------------------------------------------------------------*/
  34:Core/Src/stm32f4xx_hal_msp.c **** /* USER CODE BEGIN Define */
  35:Core/Src/stm32f4xx_hal_msp.c **** 
  36:Core/Src/stm32f4xx_hal_msp.c **** /* USER CODE END Define */
  37:Core/Src/stm32f4xx_hal_msp.c **** 
  38:Core/Src/stm32f4xx_hal_msp.c **** /* Private macro -------------------------------------------------------------*/
  39:Core/Src/stm32f4xx_hal_msp.c **** /* USER CODE BEGIN Macro */
  40:Core/Src/stm32f4xx_hal_msp.c **** 
  41:Core/Src/stm32f4xx_hal_msp.c **** /* USER CODE END Macro */
  42:Core/Src/stm32f4xx_hal_msp.c **** 
  43:Core/Src/stm32f4xx_hal_msp.c **** /* Private variables ---------------------------------------------------------*/
  44:Core/Src/stm32f4xx_hal_msp.c **** /* USER CODE BEGIN PV */
  45:Core/Src/stm32f4xx_hal_msp.c **** 
  46:Core/Src/stm32f4xx_hal_msp.c **** /* USER CODE END PV */
  47:Core/Src/stm32f4xx_hal_msp.c **** 
  48:Core/Src/stm32f4xx_hal_msp.c **** /* Private function prototypes -----------------------------------------------*/
  49:Core/Src/stm32f4xx_hal_msp.c **** /* USER CODE BEGIN PFP */
  50:Core/Src/stm32f4xx_hal_msp.c **** 
  51:Core/Src/stm32f4xx_hal_msp.c **** /* USER CODE END PFP */
  52:Core/Src/stm32f4xx_hal_msp.c **** 
  53:Core/Src/stm32f4xx_hal_msp.c **** /* External functions --------------------------------------------------------*/
  54:Core/Src/stm32f4xx_hal_msp.c **** /* USER CODE BEGIN ExternalFunctions */
  55:Core/Src/stm32f4xx_hal_msp.c **** 
  56:Core/Src/stm32f4xx_hal_msp.c **** /* USER CODE END ExternalFunctions */
  57:Core/Src/stm32f4xx_hal_msp.c **** 
  58:Core/Src/stm32f4xx_hal_msp.c **** /* USER CODE BEGIN 0 */
  59:Core/Src/stm32f4xx_hal_msp.c **** 
  60:Core/Src/stm32f4xx_hal_msp.c **** /* USER CODE END 0 */
  61:Core/Src/stm32f4xx_hal_msp.c **** /**
  62:Core/Src/stm32f4xx_hal_msp.c ****   * Initializes the Global MSP.
  63:Core/Src/stm32f4xx_hal_msp.c ****   */
  64:Core/Src/stm32f4xx_hal_msp.c **** void HAL_MspInit(void)
  65:Core/Src/stm32f4xx_hal_msp.c **** {
  29              		.loc 1 65 1 view -0
  30              		.cfi_startproc
  31              		@ args = 0, pretend = 0, frame = 8
  32              		@ frame_needed = 0, uses_anonymous_args = 0
  33 0000 00B5     		push	{lr}
  34              	.LCFI0:
  35              		.cfi_def_cfa_offset 4
  36              		.cfi_offset 14, -4
  37 0002 83B0     		sub	sp, sp, #12
  38              	.LCFI1:
  39              		.cfi_def_cfa_offset 16
  66:Core/Src/stm32f4xx_hal_msp.c **** 
  67:Core/Src/stm32f4xx_hal_msp.c ****   /* USER CODE BEGIN MspInit 0 */
  68:Core/Src/stm32f4xx_hal_msp.c **** 
  69:Core/Src/stm32f4xx_hal_msp.c ****   /* USER CODE END MspInit 0 */
  70:Core/Src/stm32f4xx_hal_msp.c **** 
  71:Core/Src/stm32f4xx_hal_msp.c ****   __HAL_RCC_SYSCFG_CLK_ENABLE();
  40              		.loc 1 71 3 view .LVU1
  41              	.LBB2:
  42              		.loc 1 71 3 view .LVU2
  43 0004 0021     		movs	r1, #0
  44 0006 0091     		str	r1, [sp]
ARM GAS  C:\Users\tugru\AppData\Local\Temp\ccCdot6I.s 			page 3


  45              		.loc 1 71 3 view .LVU3
  46 0008 0C4B     		ldr	r3, .L3
  47 000a 5A6C     		ldr	r2, [r3, #68]
  48 000c 42F48042 		orr	r2, r2, #16384
  49 0010 5A64     		str	r2, [r3, #68]
  50              		.loc 1 71 3 view .LVU4
  51 0012 5A6C     		ldr	r2, [r3, #68]
  52 0014 02F48042 		and	r2, r2, #16384
  53 0018 0092     		str	r2, [sp]
  54              		.loc 1 71 3 view .LVU5
  55 001a 009A     		ldr	r2, [sp]
  56              	.LBE2:
  57              		.loc 1 71 3 view .LVU6
  72:Core/Src/stm32f4xx_hal_msp.c ****   __HAL_RCC_PWR_CLK_ENABLE();
  58              		.loc 1 72 3 view .LVU7
  59              	.LBB3:
  60              		.loc 1 72 3 view .LVU8
  61 001c 0191     		str	r1, [sp, #4]
  62              		.loc 1 72 3 view .LVU9
  63 001e 1A6C     		ldr	r2, [r3, #64]
  64 0020 42F08052 		orr	r2, r2, #268435456
  65 0024 1A64     		str	r2, [r3, #64]
  66              		.loc 1 72 3 view .LVU10
  67 0026 1B6C     		ldr	r3, [r3, #64]
  68 0028 03F08053 		and	r3, r3, #268435456
  69 002c 0193     		str	r3, [sp, #4]
  70              		.loc 1 72 3 view .LVU11
  71 002e 019B     		ldr	r3, [sp, #4]
  72              	.LBE3:
  73              		.loc 1 72 3 view .LVU12
  73:Core/Src/stm32f4xx_hal_msp.c **** 
  74:Core/Src/stm32f4xx_hal_msp.c ****   HAL_NVIC_SetPriorityGrouping(NVIC_PRIORITYGROUP_0);
  74              		.loc 1 74 3 view .LVU13
  75 0030 0720     		movs	r0, #7
  76 0032 FFF7FEFF 		bl	HAL_NVIC_SetPriorityGrouping
  77              	.LVL0:
  75:Core/Src/stm32f4xx_hal_msp.c **** 
  76:Core/Src/stm32f4xx_hal_msp.c ****   /* System interrupt init*/
  77:Core/Src/stm32f4xx_hal_msp.c **** 
  78:Core/Src/stm32f4xx_hal_msp.c ****   /* USER CODE BEGIN MspInit 1 */
  79:Core/Src/stm32f4xx_hal_msp.c **** 
  80:Core/Src/stm32f4xx_hal_msp.c ****   /* USER CODE END MspInit 1 */
  81:Core/Src/stm32f4xx_hal_msp.c **** }
  78              		.loc 1 81 1 is_stmt 0 view .LVU14
  79 0036 03B0     		add	sp, sp, #12
  80              	.LCFI2:
  81              		.cfi_def_cfa_offset 4
  82              		@ sp needed
  83 0038 5DF804FB 		ldr	pc, [sp], #4
  84              	.L4:
  85              		.align	2
  86              	.L3:
  87 003c 00380240 		.word	1073887232
  88              		.cfi_endproc
  89              	.LFE134:
  91              		.section	.text.HAL_SPI_MspInit,"ax",%progbits
  92              		.align	1
ARM GAS  C:\Users\tugru\AppData\Local\Temp\ccCdot6I.s 			page 4


  93              		.global	HAL_SPI_MspInit
  94              		.syntax unified
  95              		.thumb
  96              		.thumb_func
  98              	HAL_SPI_MspInit:
  99              	.LVL1:
 100              	.LFB135:
  82:Core/Src/stm32f4xx_hal_msp.c **** 
  83:Core/Src/stm32f4xx_hal_msp.c **** /**
  84:Core/Src/stm32f4xx_hal_msp.c **** * @brief SPI MSP Initialization
  85:Core/Src/stm32f4xx_hal_msp.c **** * This function configures the hardware resources used in this example
  86:Core/Src/stm32f4xx_hal_msp.c **** * @param hspi: SPI handle pointer
  87:Core/Src/stm32f4xx_hal_msp.c **** * @retval None
  88:Core/Src/stm32f4xx_hal_msp.c **** */
  89:Core/Src/stm32f4xx_hal_msp.c **** void HAL_SPI_MspInit(SPI_HandleTypeDef* hspi)
  90:Core/Src/stm32f4xx_hal_msp.c **** {
 101              		.loc 1 90 1 is_stmt 1 view -0
 102              		.cfi_startproc
 103              		@ args = 0, pretend = 0, frame = 32
 104              		@ frame_needed = 0, uses_anonymous_args = 0
 105              		.loc 1 90 1 is_stmt 0 view .LVU16
 106 0000 F0B5     		push	{r4, r5, r6, r7, lr}
 107              	.LCFI3:
 108              		.cfi_def_cfa_offset 20
 109              		.cfi_offset 4, -20
 110              		.cfi_offset 5, -16
 111              		.cfi_offset 6, -12
 112              		.cfi_offset 7, -8
 113              		.cfi_offset 14, -4
 114 0002 89B0     		sub	sp, sp, #36
 115              	.LCFI4:
 116              		.cfi_def_cfa_offset 56
  91:Core/Src/stm32f4xx_hal_msp.c ****   GPIO_InitTypeDef GPIO_InitStruct = {0};
 117              		.loc 1 91 3 is_stmt 1 view .LVU17
 118              		.loc 1 91 20 is_stmt 0 view .LVU18
 119 0004 0023     		movs	r3, #0
 120 0006 0393     		str	r3, [sp, #12]
 121 0008 0493     		str	r3, [sp, #16]
 122 000a 0593     		str	r3, [sp, #20]
 123 000c 0693     		str	r3, [sp, #24]
 124 000e 0793     		str	r3, [sp, #28]
  92:Core/Src/stm32f4xx_hal_msp.c ****   if(hspi->Instance==SPI2)
 125              		.loc 1 92 3 is_stmt 1 view .LVU19
 126              		.loc 1 92 10 is_stmt 0 view .LVU20
 127 0010 0268     		ldr	r2, [r0]
 128              		.loc 1 92 5 view .LVU21
 129 0012 1F4B     		ldr	r3, .L9
 130 0014 9A42     		cmp	r2, r3
 131 0016 01D0     		beq	.L8
 132              	.LVL2:
 133              	.L5:
  93:Core/Src/stm32f4xx_hal_msp.c ****   {
  94:Core/Src/stm32f4xx_hal_msp.c ****   /* USER CODE BEGIN SPI2_MspInit 0 */
  95:Core/Src/stm32f4xx_hal_msp.c **** 
  96:Core/Src/stm32f4xx_hal_msp.c ****   /* USER CODE END SPI2_MspInit 0 */
  97:Core/Src/stm32f4xx_hal_msp.c ****     /* Peripheral clock enable */
  98:Core/Src/stm32f4xx_hal_msp.c ****     __HAL_RCC_SPI2_CLK_ENABLE();
ARM GAS  C:\Users\tugru\AppData\Local\Temp\ccCdot6I.s 			page 5


  99:Core/Src/stm32f4xx_hal_msp.c **** 
 100:Core/Src/stm32f4xx_hal_msp.c ****     __HAL_RCC_GPIOC_CLK_ENABLE();
 101:Core/Src/stm32f4xx_hal_msp.c ****     __HAL_RCC_GPIOB_CLK_ENABLE();
 102:Core/Src/stm32f4xx_hal_msp.c ****     /**SPI2 GPIO Configuration
 103:Core/Src/stm32f4xx_hal_msp.c ****     PC2     ------> SPI2_MISO
 104:Core/Src/stm32f4xx_hal_msp.c ****     PC3     ------> SPI2_MOSI
 105:Core/Src/stm32f4xx_hal_msp.c ****     PB10     ------> SPI2_SCK
 106:Core/Src/stm32f4xx_hal_msp.c ****     */
 107:Core/Src/stm32f4xx_hal_msp.c ****     GPIO_InitStruct.Pin = GPIO_PIN_2|GPIO_PIN_3;
 108:Core/Src/stm32f4xx_hal_msp.c ****     GPIO_InitStruct.Mode = GPIO_MODE_AF_PP;
 109:Core/Src/stm32f4xx_hal_msp.c ****     GPIO_InitStruct.Pull = GPIO_NOPULL;
 110:Core/Src/stm32f4xx_hal_msp.c ****     GPIO_InitStruct.Speed = GPIO_SPEED_FREQ_VERY_HIGH;
 111:Core/Src/stm32f4xx_hal_msp.c ****     GPIO_InitStruct.Alternate = GPIO_AF5_SPI2;
 112:Core/Src/stm32f4xx_hal_msp.c ****     HAL_GPIO_Init(GPIOC, &GPIO_InitStruct);
 113:Core/Src/stm32f4xx_hal_msp.c **** 
 114:Core/Src/stm32f4xx_hal_msp.c ****     GPIO_InitStruct.Pin = GPIO_PIN_10;
 115:Core/Src/stm32f4xx_hal_msp.c ****     GPIO_InitStruct.Mode = GPIO_MODE_AF_PP;
 116:Core/Src/stm32f4xx_hal_msp.c ****     GPIO_InitStruct.Pull = GPIO_NOPULL;
 117:Core/Src/stm32f4xx_hal_msp.c ****     GPIO_InitStruct.Speed = GPIO_SPEED_FREQ_VERY_HIGH;
 118:Core/Src/stm32f4xx_hal_msp.c ****     GPIO_InitStruct.Alternate = GPIO_AF5_SPI2;
 119:Core/Src/stm32f4xx_hal_msp.c ****     HAL_GPIO_Init(GPIOB, &GPIO_InitStruct);
 120:Core/Src/stm32f4xx_hal_msp.c **** 
 121:Core/Src/stm32f4xx_hal_msp.c ****   /* USER CODE BEGIN SPI2_MspInit 1 */
 122:Core/Src/stm32f4xx_hal_msp.c **** 
 123:Core/Src/stm32f4xx_hal_msp.c ****   /* USER CODE END SPI2_MspInit 1 */
 124:Core/Src/stm32f4xx_hal_msp.c **** 
 125:Core/Src/stm32f4xx_hal_msp.c ****   }
 126:Core/Src/stm32f4xx_hal_msp.c **** 
 127:Core/Src/stm32f4xx_hal_msp.c **** }
 134              		.loc 1 127 1 view .LVU22
 135 0018 09B0     		add	sp, sp, #36
 136              	.LCFI5:
 137              		.cfi_remember_state
 138              		.cfi_def_cfa_offset 20
 139              		@ sp needed
 140 001a F0BD     		pop	{r4, r5, r6, r7, pc}
 141              	.LVL3:
 142              	.L8:
 143              	.LCFI6:
 144              		.cfi_restore_state
  98:Core/Src/stm32f4xx_hal_msp.c **** 
 145              		.loc 1 98 5 is_stmt 1 view .LVU23
 146              	.LBB4:
  98:Core/Src/stm32f4xx_hal_msp.c **** 
 147              		.loc 1 98 5 view .LVU24
 148 001c 0024     		movs	r4, #0
 149 001e 0094     		str	r4, [sp]
  98:Core/Src/stm32f4xx_hal_msp.c **** 
 150              		.loc 1 98 5 view .LVU25
 151 0020 03F50033 		add	r3, r3, #131072
 152 0024 1A6C     		ldr	r2, [r3, #64]
 153 0026 42F48042 		orr	r2, r2, #16384
 154 002a 1A64     		str	r2, [r3, #64]
  98:Core/Src/stm32f4xx_hal_msp.c **** 
 155              		.loc 1 98 5 view .LVU26
 156 002c 1A6C     		ldr	r2, [r3, #64]
 157 002e 02F48042 		and	r2, r2, #16384
ARM GAS  C:\Users\tugru\AppData\Local\Temp\ccCdot6I.s 			page 6


 158 0032 0092     		str	r2, [sp]
  98:Core/Src/stm32f4xx_hal_msp.c **** 
 159              		.loc 1 98 5 view .LVU27
 160 0034 009A     		ldr	r2, [sp]
 161              	.LBE4:
  98:Core/Src/stm32f4xx_hal_msp.c **** 
 162              		.loc 1 98 5 view .LVU28
 100:Core/Src/stm32f4xx_hal_msp.c ****     __HAL_RCC_GPIOB_CLK_ENABLE();
 163              		.loc 1 100 5 view .LVU29
 164              	.LBB5:
 100:Core/Src/stm32f4xx_hal_msp.c ****     __HAL_RCC_GPIOB_CLK_ENABLE();
 165              		.loc 1 100 5 view .LVU30
 166 0036 0194     		str	r4, [sp, #4]
 100:Core/Src/stm32f4xx_hal_msp.c ****     __HAL_RCC_GPIOB_CLK_ENABLE();
 167              		.loc 1 100 5 view .LVU31
 168 0038 1A6B     		ldr	r2, [r3, #48]
 169 003a 42F00402 		orr	r2, r2, #4
 170 003e 1A63     		str	r2, [r3, #48]
 100:Core/Src/stm32f4xx_hal_msp.c ****     __HAL_RCC_GPIOB_CLK_ENABLE();
 171              		.loc 1 100 5 view .LVU32
 172 0040 1A6B     		ldr	r2, [r3, #48]
 173 0042 02F00402 		and	r2, r2, #4
 174 0046 0192     		str	r2, [sp, #4]
 100:Core/Src/stm32f4xx_hal_msp.c ****     __HAL_RCC_GPIOB_CLK_ENABLE();
 175              		.loc 1 100 5 view .LVU33
 176 0048 019A     		ldr	r2, [sp, #4]
 177              	.LBE5:
 100:Core/Src/stm32f4xx_hal_msp.c ****     __HAL_RCC_GPIOB_CLK_ENABLE();
 178              		.loc 1 100 5 view .LVU34
 101:Core/Src/stm32f4xx_hal_msp.c ****     /**SPI2 GPIO Configuration
 179              		.loc 1 101 5 view .LVU35
 180              	.LBB6:
 101:Core/Src/stm32f4xx_hal_msp.c ****     /**SPI2 GPIO Configuration
 181              		.loc 1 101 5 view .LVU36
 182 004a 0294     		str	r4, [sp, #8]
 101:Core/Src/stm32f4xx_hal_msp.c ****     /**SPI2 GPIO Configuration
 183              		.loc 1 101 5 view .LVU37
 184 004c 1A6B     		ldr	r2, [r3, #48]
 185 004e 42F00202 		orr	r2, r2, #2
 186 0052 1A63     		str	r2, [r3, #48]
 101:Core/Src/stm32f4xx_hal_msp.c ****     /**SPI2 GPIO Configuration
 187              		.loc 1 101 5 view .LVU38
 188 0054 1B6B     		ldr	r3, [r3, #48]
 189 0056 03F00203 		and	r3, r3, #2
 190 005a 0293     		str	r3, [sp, #8]
 101:Core/Src/stm32f4xx_hal_msp.c ****     /**SPI2 GPIO Configuration
 191              		.loc 1 101 5 view .LVU39
 192 005c 029B     		ldr	r3, [sp, #8]
 193              	.LBE6:
 101:Core/Src/stm32f4xx_hal_msp.c ****     /**SPI2 GPIO Configuration
 194              		.loc 1 101 5 view .LVU40
 107:Core/Src/stm32f4xx_hal_msp.c ****     GPIO_InitStruct.Mode = GPIO_MODE_AF_PP;
 195              		.loc 1 107 5 view .LVU41
 107:Core/Src/stm32f4xx_hal_msp.c ****     GPIO_InitStruct.Mode = GPIO_MODE_AF_PP;
 196              		.loc 1 107 25 is_stmt 0 view .LVU42
 197 005e 0C23     		movs	r3, #12
 198 0060 0393     		str	r3, [sp, #12]
ARM GAS  C:\Users\tugru\AppData\Local\Temp\ccCdot6I.s 			page 7


 108:Core/Src/stm32f4xx_hal_msp.c ****     GPIO_InitStruct.Pull = GPIO_NOPULL;
 199              		.loc 1 108 5 is_stmt 1 view .LVU43
 108:Core/Src/stm32f4xx_hal_msp.c ****     GPIO_InitStruct.Pull = GPIO_NOPULL;
 200              		.loc 1 108 26 is_stmt 0 view .LVU44
 201 0062 0227     		movs	r7, #2
 202 0064 0497     		str	r7, [sp, #16]
 109:Core/Src/stm32f4xx_hal_msp.c ****     GPIO_InitStruct.Speed = GPIO_SPEED_FREQ_VERY_HIGH;
 203              		.loc 1 109 5 is_stmt 1 view .LVU45
 110:Core/Src/stm32f4xx_hal_msp.c ****     GPIO_InitStruct.Alternate = GPIO_AF5_SPI2;
 204              		.loc 1 110 5 view .LVU46
 110:Core/Src/stm32f4xx_hal_msp.c ****     GPIO_InitStruct.Alternate = GPIO_AF5_SPI2;
 205              		.loc 1 110 27 is_stmt 0 view .LVU47
 206 0066 0326     		movs	r6, #3
 207 0068 0696     		str	r6, [sp, #24]
 111:Core/Src/stm32f4xx_hal_msp.c ****     HAL_GPIO_Init(GPIOC, &GPIO_InitStruct);
 208              		.loc 1 111 5 is_stmt 1 view .LVU48
 111:Core/Src/stm32f4xx_hal_msp.c ****     HAL_GPIO_Init(GPIOC, &GPIO_InitStruct);
 209              		.loc 1 111 31 is_stmt 0 view .LVU49
 210 006a 0525     		movs	r5, #5
 211 006c 0795     		str	r5, [sp, #28]
 112:Core/Src/stm32f4xx_hal_msp.c **** 
 212              		.loc 1 112 5 is_stmt 1 view .LVU50
 213 006e 0DEB0301 		add	r1, sp, r3
 214 0072 0848     		ldr	r0, .L9+4
 215              	.LVL4:
 112:Core/Src/stm32f4xx_hal_msp.c **** 
 216              		.loc 1 112 5 is_stmt 0 view .LVU51
 217 0074 FFF7FEFF 		bl	HAL_GPIO_Init
 218              	.LVL5:
 114:Core/Src/stm32f4xx_hal_msp.c ****     GPIO_InitStruct.Mode = GPIO_MODE_AF_PP;
 219              		.loc 1 114 5 is_stmt 1 view .LVU52
 114:Core/Src/stm32f4xx_hal_msp.c ****     GPIO_InitStruct.Mode = GPIO_MODE_AF_PP;
 220              		.loc 1 114 25 is_stmt 0 view .LVU53
 221 0078 4FF48063 		mov	r3, #1024
 222 007c 0393     		str	r3, [sp, #12]
 115:Core/Src/stm32f4xx_hal_msp.c ****     GPIO_InitStruct.Pull = GPIO_NOPULL;
 223              		.loc 1 115 5 is_stmt 1 view .LVU54
 115:Core/Src/stm32f4xx_hal_msp.c ****     GPIO_InitStruct.Pull = GPIO_NOPULL;
 224              		.loc 1 115 26 is_stmt 0 view .LVU55
 225 007e 0497     		str	r7, [sp, #16]
 116:Core/Src/stm32f4xx_hal_msp.c ****     GPIO_InitStruct.Speed = GPIO_SPEED_FREQ_VERY_HIGH;
 226              		.loc 1 116 5 is_stmt 1 view .LVU56
 116:Core/Src/stm32f4xx_hal_msp.c ****     GPIO_InitStruct.Speed = GPIO_SPEED_FREQ_VERY_HIGH;
 227              		.loc 1 116 26 is_stmt 0 view .LVU57
 228 0080 0594     		str	r4, [sp, #20]
 117:Core/Src/stm32f4xx_hal_msp.c ****     GPIO_InitStruct.Alternate = GPIO_AF5_SPI2;
 229              		.loc 1 117 5 is_stmt 1 view .LVU58
 117:Core/Src/stm32f4xx_hal_msp.c ****     GPIO_InitStruct.Alternate = GPIO_AF5_SPI2;
 230              		.loc 1 117 27 is_stmt 0 view .LVU59
 231 0082 0696     		str	r6, [sp, #24]
 118:Core/Src/stm32f4xx_hal_msp.c ****     HAL_GPIO_Init(GPIOB, &GPIO_InitStruct);
 232              		.loc 1 118 5 is_stmt 1 view .LVU60
 118:Core/Src/stm32f4xx_hal_msp.c ****     HAL_GPIO_Init(GPIOB, &GPIO_InitStruct);
 233              		.loc 1 118 31 is_stmt 0 view .LVU61
 234 0084 0795     		str	r5, [sp, #28]
 119:Core/Src/stm32f4xx_hal_msp.c **** 
 235              		.loc 1 119 5 is_stmt 1 view .LVU62
ARM GAS  C:\Users\tugru\AppData\Local\Temp\ccCdot6I.s 			page 8


 236 0086 03A9     		add	r1, sp, #12
 237 0088 0348     		ldr	r0, .L9+8
 238 008a FFF7FEFF 		bl	HAL_GPIO_Init
 239              	.LVL6:
 240              		.loc 1 127 1 is_stmt 0 view .LVU63
 241 008e C3E7     		b	.L5
 242              	.L10:
 243              		.align	2
 244              	.L9:
 245 0090 00380040 		.word	1073756160
 246 0094 00080240 		.word	1073874944
 247 0098 00040240 		.word	1073873920
 248              		.cfi_endproc
 249              	.LFE135:
 251              		.section	.text.HAL_SPI_MspDeInit,"ax",%progbits
 252              		.align	1
 253              		.global	HAL_SPI_MspDeInit
 254              		.syntax unified
 255              		.thumb
 256              		.thumb_func
 258              	HAL_SPI_MspDeInit:
 259              	.LVL7:
 260              	.LFB136:
 128:Core/Src/stm32f4xx_hal_msp.c **** 
 129:Core/Src/stm32f4xx_hal_msp.c **** /**
 130:Core/Src/stm32f4xx_hal_msp.c **** * @brief SPI MSP De-Initialization
 131:Core/Src/stm32f4xx_hal_msp.c **** * This function freeze the hardware resources used in this example
 132:Core/Src/stm32f4xx_hal_msp.c **** * @param hspi: SPI handle pointer
 133:Core/Src/stm32f4xx_hal_msp.c **** * @retval None
 134:Core/Src/stm32f4xx_hal_msp.c **** */
 135:Core/Src/stm32f4xx_hal_msp.c **** void HAL_SPI_MspDeInit(SPI_HandleTypeDef* hspi)
 136:Core/Src/stm32f4xx_hal_msp.c **** {
 261              		.loc 1 136 1 is_stmt 1 view -0
 262              		.cfi_startproc
 263              		@ args = 0, pretend = 0, frame = 0
 264              		@ frame_needed = 0, uses_anonymous_args = 0
 265              		.loc 1 136 1 is_stmt 0 view .LVU65
 266 0000 08B5     		push	{r3, lr}
 267              	.LCFI7:
 268              		.cfi_def_cfa_offset 8
 269              		.cfi_offset 3, -8
 270              		.cfi_offset 14, -4
 137:Core/Src/stm32f4xx_hal_msp.c ****   if(hspi->Instance==SPI2)
 271              		.loc 1 137 3 is_stmt 1 view .LVU66
 272              		.loc 1 137 10 is_stmt 0 view .LVU67
 273 0002 0268     		ldr	r2, [r0]
 274              		.loc 1 137 5 view .LVU68
 275 0004 094B     		ldr	r3, .L15
 276 0006 9A42     		cmp	r2, r3
 277 0008 00D0     		beq	.L14
 278              	.LVL8:
 279              	.L11:
 138:Core/Src/stm32f4xx_hal_msp.c ****   {
 139:Core/Src/stm32f4xx_hal_msp.c ****   /* USER CODE BEGIN SPI2_MspDeInit 0 */
 140:Core/Src/stm32f4xx_hal_msp.c **** 
 141:Core/Src/stm32f4xx_hal_msp.c ****   /* USER CODE END SPI2_MspDeInit 0 */
 142:Core/Src/stm32f4xx_hal_msp.c ****     /* Peripheral clock disable */
ARM GAS  C:\Users\tugru\AppData\Local\Temp\ccCdot6I.s 			page 9


 143:Core/Src/stm32f4xx_hal_msp.c ****     __HAL_RCC_SPI2_CLK_DISABLE();
 144:Core/Src/stm32f4xx_hal_msp.c **** 
 145:Core/Src/stm32f4xx_hal_msp.c ****     /**SPI2 GPIO Configuration
 146:Core/Src/stm32f4xx_hal_msp.c ****     PC2     ------> SPI2_MISO
 147:Core/Src/stm32f4xx_hal_msp.c ****     PC3     ------> SPI2_MOSI
 148:Core/Src/stm32f4xx_hal_msp.c ****     PB10     ------> SPI2_SCK
 149:Core/Src/stm32f4xx_hal_msp.c ****     */
 150:Core/Src/stm32f4xx_hal_msp.c ****     HAL_GPIO_DeInit(GPIOC, GPIO_PIN_2|GPIO_PIN_3);
 151:Core/Src/stm32f4xx_hal_msp.c **** 
 152:Core/Src/stm32f4xx_hal_msp.c ****     HAL_GPIO_DeInit(GPIOB, GPIO_PIN_10);
 153:Core/Src/stm32f4xx_hal_msp.c **** 
 154:Core/Src/stm32f4xx_hal_msp.c ****   /* USER CODE BEGIN SPI2_MspDeInit 1 */
 155:Core/Src/stm32f4xx_hal_msp.c **** 
 156:Core/Src/stm32f4xx_hal_msp.c ****   /* USER CODE END SPI2_MspDeInit 1 */
 157:Core/Src/stm32f4xx_hal_msp.c ****   }
 158:Core/Src/stm32f4xx_hal_msp.c **** 
 159:Core/Src/stm32f4xx_hal_msp.c **** }
 280              		.loc 1 159 1 view .LVU69
 281 000a 08BD     		pop	{r3, pc}
 282              	.LVL9:
 283              	.L14:
 143:Core/Src/stm32f4xx_hal_msp.c **** 
 284              		.loc 1 143 5 is_stmt 1 view .LVU70
 285 000c 084A     		ldr	r2, .L15+4
 286 000e 136C     		ldr	r3, [r2, #64]
 287 0010 23F48043 		bic	r3, r3, #16384
 288 0014 1364     		str	r3, [r2, #64]
 150:Core/Src/stm32f4xx_hal_msp.c **** 
 289              		.loc 1 150 5 view .LVU71
 290 0016 0C21     		movs	r1, #12
 291 0018 0648     		ldr	r0, .L15+8
 292              	.LVL10:
 150:Core/Src/stm32f4xx_hal_msp.c **** 
 293              		.loc 1 150 5 is_stmt 0 view .LVU72
 294 001a FFF7FEFF 		bl	HAL_GPIO_DeInit
 295              	.LVL11:
 152:Core/Src/stm32f4xx_hal_msp.c **** 
 296              		.loc 1 152 5 is_stmt 1 view .LVU73
 297 001e 4FF48061 		mov	r1, #1024
 298 0022 0548     		ldr	r0, .L15+12
 299 0024 FFF7FEFF 		bl	HAL_GPIO_DeInit
 300              	.LVL12:
 301              		.loc 1 159 1 is_stmt 0 view .LVU74
 302 0028 EFE7     		b	.L11
 303              	.L16:
 304 002a 00BF     		.align	2
 305              	.L15:
 306 002c 00380040 		.word	1073756160
 307 0030 00380240 		.word	1073887232
 308 0034 00080240 		.word	1073874944
 309 0038 00040240 		.word	1073873920
 310              		.cfi_endproc
 311              	.LFE136:
 313              		.section	.text.HAL_UART_MspInit,"ax",%progbits
 314              		.align	1
 315              		.global	HAL_UART_MspInit
 316              		.syntax unified
ARM GAS  C:\Users\tugru\AppData\Local\Temp\ccCdot6I.s 			page 10


 317              		.thumb
 318              		.thumb_func
 320              	HAL_UART_MspInit:
 321              	.LVL13:
 322              	.LFB137:
 160:Core/Src/stm32f4xx_hal_msp.c **** 
 161:Core/Src/stm32f4xx_hal_msp.c **** /**
 162:Core/Src/stm32f4xx_hal_msp.c **** * @brief UART MSP Initialization
 163:Core/Src/stm32f4xx_hal_msp.c **** * This function configures the hardware resources used in this example
 164:Core/Src/stm32f4xx_hal_msp.c **** * @param huart: UART handle pointer
 165:Core/Src/stm32f4xx_hal_msp.c **** * @retval None
 166:Core/Src/stm32f4xx_hal_msp.c **** */
 167:Core/Src/stm32f4xx_hal_msp.c **** void HAL_UART_MspInit(UART_HandleTypeDef* huart)
 168:Core/Src/stm32f4xx_hal_msp.c **** {
 323              		.loc 1 168 1 is_stmt 1 view -0
 324              		.cfi_startproc
 325              		@ args = 0, pretend = 0, frame = 32
 326              		@ frame_needed = 0, uses_anonymous_args = 0
 327              		.loc 1 168 1 is_stmt 0 view .LVU76
 328 0000 00B5     		push	{lr}
 329              	.LCFI8:
 330              		.cfi_def_cfa_offset 4
 331              		.cfi_offset 14, -4
 332 0002 89B0     		sub	sp, sp, #36
 333              	.LCFI9:
 334              		.cfi_def_cfa_offset 40
 169:Core/Src/stm32f4xx_hal_msp.c ****   GPIO_InitTypeDef GPIO_InitStruct = {0};
 335              		.loc 1 169 3 is_stmt 1 view .LVU77
 336              		.loc 1 169 20 is_stmt 0 view .LVU78
 337 0004 0023     		movs	r3, #0
 338 0006 0393     		str	r3, [sp, #12]
 339 0008 0493     		str	r3, [sp, #16]
 340 000a 0593     		str	r3, [sp, #20]
 341 000c 0693     		str	r3, [sp, #24]
 342 000e 0793     		str	r3, [sp, #28]
 170:Core/Src/stm32f4xx_hal_msp.c ****   if(huart->Instance==USART2)
 343              		.loc 1 170 3 is_stmt 1 view .LVU79
 344              		.loc 1 170 11 is_stmt 0 view .LVU80
 345 0010 0268     		ldr	r2, [r0]
 346              		.loc 1 170 5 view .LVU81
 347 0012 154B     		ldr	r3, .L21
 348 0014 9A42     		cmp	r2, r3
 349 0016 02D0     		beq	.L20
 350              	.LVL14:
 351              	.L17:
 171:Core/Src/stm32f4xx_hal_msp.c ****   {
 172:Core/Src/stm32f4xx_hal_msp.c ****   /* USER CODE BEGIN USART2_MspInit 0 */
 173:Core/Src/stm32f4xx_hal_msp.c **** 
 174:Core/Src/stm32f4xx_hal_msp.c ****   /* USER CODE END USART2_MspInit 0 */
 175:Core/Src/stm32f4xx_hal_msp.c ****     /* Peripheral clock enable */
 176:Core/Src/stm32f4xx_hal_msp.c ****     __HAL_RCC_USART2_CLK_ENABLE();
 177:Core/Src/stm32f4xx_hal_msp.c **** 
 178:Core/Src/stm32f4xx_hal_msp.c ****     __HAL_RCC_GPIOA_CLK_ENABLE();
 179:Core/Src/stm32f4xx_hal_msp.c ****     /**USART2 GPIO Configuration
 180:Core/Src/stm32f4xx_hal_msp.c ****     PA2     ------> USART2_TX
 181:Core/Src/stm32f4xx_hal_msp.c ****     PA3     ------> USART2_RX
 182:Core/Src/stm32f4xx_hal_msp.c ****     */
ARM GAS  C:\Users\tugru\AppData\Local\Temp\ccCdot6I.s 			page 11


 183:Core/Src/stm32f4xx_hal_msp.c ****     GPIO_InitStruct.Pin = USART_TX_Pin|USART_RX_Pin;
 184:Core/Src/stm32f4xx_hal_msp.c ****     GPIO_InitStruct.Mode = GPIO_MODE_AF_PP;
 185:Core/Src/stm32f4xx_hal_msp.c ****     GPIO_InitStruct.Pull = GPIO_NOPULL;
 186:Core/Src/stm32f4xx_hal_msp.c ****     GPIO_InitStruct.Speed = GPIO_SPEED_FREQ_VERY_HIGH;
 187:Core/Src/stm32f4xx_hal_msp.c ****     GPIO_InitStruct.Alternate = GPIO_AF7_USART2;
 188:Core/Src/stm32f4xx_hal_msp.c ****     HAL_GPIO_Init(GPIOA, &GPIO_InitStruct);
 189:Core/Src/stm32f4xx_hal_msp.c **** 
 190:Core/Src/stm32f4xx_hal_msp.c ****   /* USER CODE BEGIN USART2_MspInit 1 */
 191:Core/Src/stm32f4xx_hal_msp.c **** 
 192:Core/Src/stm32f4xx_hal_msp.c ****   /* USER CODE END USART2_MspInit 1 */
 193:Core/Src/stm32f4xx_hal_msp.c **** 
 194:Core/Src/stm32f4xx_hal_msp.c ****   }
 195:Core/Src/stm32f4xx_hal_msp.c **** 
 196:Core/Src/stm32f4xx_hal_msp.c **** }
 352              		.loc 1 196 1 view .LVU82
 353 0018 09B0     		add	sp, sp, #36
 354              	.LCFI10:
 355              		.cfi_remember_state
 356              		.cfi_def_cfa_offset 4
 357              		@ sp needed
 358 001a 5DF804FB 		ldr	pc, [sp], #4
 359              	.LVL15:
 360              	.L20:
 361              	.LCFI11:
 362              		.cfi_restore_state
 176:Core/Src/stm32f4xx_hal_msp.c **** 
 363              		.loc 1 176 5 is_stmt 1 view .LVU83
 364              	.LBB7:
 176:Core/Src/stm32f4xx_hal_msp.c **** 
 365              		.loc 1 176 5 view .LVU84
 366 001e 0021     		movs	r1, #0
 367 0020 0191     		str	r1, [sp, #4]
 176:Core/Src/stm32f4xx_hal_msp.c **** 
 368              		.loc 1 176 5 view .LVU85
 369 0022 03F5FA33 		add	r3, r3, #128000
 370 0026 1A6C     		ldr	r2, [r3, #64]
 371 0028 42F40032 		orr	r2, r2, #131072
 372 002c 1A64     		str	r2, [r3, #64]
 176:Core/Src/stm32f4xx_hal_msp.c **** 
 373              		.loc 1 176 5 view .LVU86
 374 002e 1A6C     		ldr	r2, [r3, #64]
 375 0030 02F40032 		and	r2, r2, #131072
 376 0034 0192     		str	r2, [sp, #4]
 176:Core/Src/stm32f4xx_hal_msp.c **** 
 377              		.loc 1 176 5 view .LVU87
 378 0036 019A     		ldr	r2, [sp, #4]
 379              	.LBE7:
 176:Core/Src/stm32f4xx_hal_msp.c **** 
 380              		.loc 1 176 5 view .LVU88
 178:Core/Src/stm32f4xx_hal_msp.c ****     /**USART2 GPIO Configuration
 381              		.loc 1 178 5 view .LVU89
 382              	.LBB8:
 178:Core/Src/stm32f4xx_hal_msp.c ****     /**USART2 GPIO Configuration
 383              		.loc 1 178 5 view .LVU90
 384 0038 0291     		str	r1, [sp, #8]
 178:Core/Src/stm32f4xx_hal_msp.c ****     /**USART2 GPIO Configuration
 385              		.loc 1 178 5 view .LVU91
ARM GAS  C:\Users\tugru\AppData\Local\Temp\ccCdot6I.s 			page 12


 386 003a 1A6B     		ldr	r2, [r3, #48]
 387 003c 42F00102 		orr	r2, r2, #1
 388 0040 1A63     		str	r2, [r3, #48]
 178:Core/Src/stm32f4xx_hal_msp.c ****     /**USART2 GPIO Configuration
 389              		.loc 1 178 5 view .LVU92
 390 0042 1B6B     		ldr	r3, [r3, #48]
 391 0044 03F00103 		and	r3, r3, #1
 392 0048 0293     		str	r3, [sp, #8]
 178:Core/Src/stm32f4xx_hal_msp.c ****     /**USART2 GPIO Configuration
 393              		.loc 1 178 5 view .LVU93
 394 004a 029B     		ldr	r3, [sp, #8]
 395              	.LBE8:
 178:Core/Src/stm32f4xx_hal_msp.c ****     /**USART2 GPIO Configuration
 396              		.loc 1 178 5 view .LVU94
 183:Core/Src/stm32f4xx_hal_msp.c ****     GPIO_InitStruct.Mode = GPIO_MODE_AF_PP;
 397              		.loc 1 183 5 view .LVU95
 183:Core/Src/stm32f4xx_hal_msp.c ****     GPIO_InitStruct.Mode = GPIO_MODE_AF_PP;
 398              		.loc 1 183 25 is_stmt 0 view .LVU96
 399 004c 0C23     		movs	r3, #12
 400 004e 0393     		str	r3, [sp, #12]
 184:Core/Src/stm32f4xx_hal_msp.c ****     GPIO_InitStruct.Pull = GPIO_NOPULL;
 401              		.loc 1 184 5 is_stmt 1 view .LVU97
 184:Core/Src/stm32f4xx_hal_msp.c ****     GPIO_InitStruct.Pull = GPIO_NOPULL;
 402              		.loc 1 184 26 is_stmt 0 view .LVU98
 403 0050 0223     		movs	r3, #2
 404 0052 0493     		str	r3, [sp, #16]
 185:Core/Src/stm32f4xx_hal_msp.c ****     GPIO_InitStruct.Speed = GPIO_SPEED_FREQ_VERY_HIGH;
 405              		.loc 1 185 5 is_stmt 1 view .LVU99
 186:Core/Src/stm32f4xx_hal_msp.c ****     GPIO_InitStruct.Alternate = GPIO_AF7_USART2;
 406              		.loc 1 186 5 view .LVU100
 186:Core/Src/stm32f4xx_hal_msp.c ****     GPIO_InitStruct.Alternate = GPIO_AF7_USART2;
 407              		.loc 1 186 27 is_stmt 0 view .LVU101
 408 0054 0323     		movs	r3, #3
 409 0056 0693     		str	r3, [sp, #24]
 187:Core/Src/stm32f4xx_hal_msp.c ****     HAL_GPIO_Init(GPIOA, &GPIO_InitStruct);
 410              		.loc 1 187 5 is_stmt 1 view .LVU102
 187:Core/Src/stm32f4xx_hal_msp.c ****     HAL_GPIO_Init(GPIOA, &GPIO_InitStruct);
 411              		.loc 1 187 31 is_stmt 0 view .LVU103
 412 0058 0723     		movs	r3, #7
 413 005a 0793     		str	r3, [sp, #28]
 188:Core/Src/stm32f4xx_hal_msp.c **** 
 414              		.loc 1 188 5 is_stmt 1 view .LVU104
 415 005c 03A9     		add	r1, sp, #12
 416 005e 0348     		ldr	r0, .L21+4
 417              	.LVL16:
 188:Core/Src/stm32f4xx_hal_msp.c **** 
 418              		.loc 1 188 5 is_stmt 0 view .LVU105
 419 0060 FFF7FEFF 		bl	HAL_GPIO_Init
 420              	.LVL17:
 421              		.loc 1 196 1 view .LVU106
 422 0064 D8E7     		b	.L17
 423              	.L22:
 424 0066 00BF     		.align	2
 425              	.L21:
 426 0068 00440040 		.word	1073759232
 427 006c 00000240 		.word	1073872896
 428              		.cfi_endproc
ARM GAS  C:\Users\tugru\AppData\Local\Temp\ccCdot6I.s 			page 13


 429              	.LFE137:
 431              		.section	.text.HAL_UART_MspDeInit,"ax",%progbits
 432              		.align	1
 433              		.global	HAL_UART_MspDeInit
 434              		.syntax unified
 435              		.thumb
 436              		.thumb_func
 438              	HAL_UART_MspDeInit:
 439              	.LVL18:
 440              	.LFB138:
 197:Core/Src/stm32f4xx_hal_msp.c **** 
 198:Core/Src/stm32f4xx_hal_msp.c **** /**
 199:Core/Src/stm32f4xx_hal_msp.c **** * @brief UART MSP De-Initialization
 200:Core/Src/stm32f4xx_hal_msp.c **** * This function freeze the hardware resources used in this example
 201:Core/Src/stm32f4xx_hal_msp.c **** * @param huart: UART handle pointer
 202:Core/Src/stm32f4xx_hal_msp.c **** * @retval None
 203:Core/Src/stm32f4xx_hal_msp.c **** */
 204:Core/Src/stm32f4xx_hal_msp.c **** void HAL_UART_MspDeInit(UART_HandleTypeDef* huart)
 205:Core/Src/stm32f4xx_hal_msp.c **** {
 441              		.loc 1 205 1 is_stmt 1 view -0
 442              		.cfi_startproc
 443              		@ args = 0, pretend = 0, frame = 0
 444              		@ frame_needed = 0, uses_anonymous_args = 0
 445              		.loc 1 205 1 is_stmt 0 view .LVU108
 446 0000 08B5     		push	{r3, lr}
 447              	.LCFI12:
 448              		.cfi_def_cfa_offset 8
 449              		.cfi_offset 3, -8
 450              		.cfi_offset 14, -4
 206:Core/Src/stm32f4xx_hal_msp.c ****   if(huart->Instance==USART2)
 451              		.loc 1 206 3 is_stmt 1 view .LVU109
 452              		.loc 1 206 11 is_stmt 0 view .LVU110
 453 0002 0268     		ldr	r2, [r0]
 454              		.loc 1 206 5 view .LVU111
 455 0004 064B     		ldr	r3, .L27
 456 0006 9A42     		cmp	r2, r3
 457 0008 00D0     		beq	.L26
 458              	.LVL19:
 459              	.L23:
 207:Core/Src/stm32f4xx_hal_msp.c ****   {
 208:Core/Src/stm32f4xx_hal_msp.c ****   /* USER CODE BEGIN USART2_MspDeInit 0 */
 209:Core/Src/stm32f4xx_hal_msp.c **** 
 210:Core/Src/stm32f4xx_hal_msp.c ****   /* USER CODE END USART2_MspDeInit 0 */
 211:Core/Src/stm32f4xx_hal_msp.c ****     /* Peripheral clock disable */
 212:Core/Src/stm32f4xx_hal_msp.c ****     __HAL_RCC_USART2_CLK_DISABLE();
 213:Core/Src/stm32f4xx_hal_msp.c **** 
 214:Core/Src/stm32f4xx_hal_msp.c ****     /**USART2 GPIO Configuration
 215:Core/Src/stm32f4xx_hal_msp.c ****     PA2     ------> USART2_TX
 216:Core/Src/stm32f4xx_hal_msp.c ****     PA3     ------> USART2_RX
 217:Core/Src/stm32f4xx_hal_msp.c ****     */
 218:Core/Src/stm32f4xx_hal_msp.c ****     HAL_GPIO_DeInit(GPIOA, USART_TX_Pin|USART_RX_Pin);
 219:Core/Src/stm32f4xx_hal_msp.c **** 
 220:Core/Src/stm32f4xx_hal_msp.c ****   /* USER CODE BEGIN USART2_MspDeInit 1 */
 221:Core/Src/stm32f4xx_hal_msp.c **** 
 222:Core/Src/stm32f4xx_hal_msp.c ****   /* USER CODE END USART2_MspDeInit 1 */
 223:Core/Src/stm32f4xx_hal_msp.c ****   }
 224:Core/Src/stm32f4xx_hal_msp.c **** 
ARM GAS  C:\Users\tugru\AppData\Local\Temp\ccCdot6I.s 			page 14


 225:Core/Src/stm32f4xx_hal_msp.c **** }
 460              		.loc 1 225 1 view .LVU112
 461 000a 08BD     		pop	{r3, pc}
 462              	.LVL20:
 463              	.L26:
 212:Core/Src/stm32f4xx_hal_msp.c **** 
 464              		.loc 1 212 5 is_stmt 1 view .LVU113
 465 000c 054A     		ldr	r2, .L27+4
 466 000e 136C     		ldr	r3, [r2, #64]
 467 0010 23F40033 		bic	r3, r3, #131072
 468 0014 1364     		str	r3, [r2, #64]
 218:Core/Src/stm32f4xx_hal_msp.c **** 
 469              		.loc 1 218 5 view .LVU114
 470 0016 0C21     		movs	r1, #12
 471 0018 0348     		ldr	r0, .L27+8
 472              	.LVL21:
 218:Core/Src/stm32f4xx_hal_msp.c **** 
 473              		.loc 1 218 5 is_stmt 0 view .LVU115
 474 001a FFF7FEFF 		bl	HAL_GPIO_DeInit
 475              	.LVL22:
 476              		.loc 1 225 1 view .LVU116
 477 001e F4E7     		b	.L23
 478              	.L28:
 479              		.align	2
 480              	.L27:
 481 0020 00440040 		.word	1073759232
 482 0024 00380240 		.word	1073887232
 483 0028 00000240 		.word	1073872896
 484              		.cfi_endproc
 485              	.LFE138:
 487              		.text
 488              	.Letext0:
 489              		.file 2 "c:\\dev\\tools\\gcc-arm-none-eabi-10.3-2021.10\\arm-none-eabi\\include\\machine\\_default
 490              		.file 3 "c:\\dev\\tools\\gcc-arm-none-eabi-10.3-2021.10\\arm-none-eabi\\include\\sys\\_stdint.h"
 491              		.file 4 "Drivers/CMSIS/Device/ST/STM32F4xx/Include/stm32f411xe.h"
 492              		.file 5 "Drivers/STM32F4xx_HAL_Driver/Inc/stm32f4xx_hal_def.h"
 493              		.file 6 "Drivers/STM32F4xx_HAL_Driver/Inc/stm32f4xx_hal_gpio.h"
 494              		.file 7 "Drivers/STM32F4xx_HAL_Driver/Inc/stm32f4xx_hal_dma.h"
 495              		.file 8 "Drivers/STM32F4xx_HAL_Driver/Inc/stm32f4xx_hal_spi.h"
 496              		.file 9 "Drivers/STM32F4xx_HAL_Driver/Inc/stm32f4xx_hal_uart.h"
 497              		.file 10 "Drivers/STM32F4xx_HAL_Driver/Inc/stm32f4xx_hal_cortex.h"
ARM GAS  C:\Users\tugru\AppData\Local\Temp\ccCdot6I.s 			page 15


DEFINED SYMBOLS
                            *ABS*:00000000 stm32f4xx_hal_msp.c
C:\Users\tugru\AppData\Local\Temp\ccCdot6I.s:20     .text.HAL_MspInit:00000000 $t
C:\Users\tugru\AppData\Local\Temp\ccCdot6I.s:26     .text.HAL_MspInit:00000000 HAL_MspInit
C:\Users\tugru\AppData\Local\Temp\ccCdot6I.s:87     .text.HAL_MspInit:0000003c $d
C:\Users\tugru\AppData\Local\Temp\ccCdot6I.s:92     .text.HAL_SPI_MspInit:00000000 $t
C:\Users\tugru\AppData\Local\Temp\ccCdot6I.s:98     .text.HAL_SPI_MspInit:00000000 HAL_SPI_MspInit
C:\Users\tugru\AppData\Local\Temp\ccCdot6I.s:245    .text.HAL_SPI_MspInit:00000090 $d
C:\Users\tugru\AppData\Local\Temp\ccCdot6I.s:252    .text.HAL_SPI_MspDeInit:00000000 $t
C:\Users\tugru\AppData\Local\Temp\ccCdot6I.s:258    .text.HAL_SPI_MspDeInit:00000000 HAL_SPI_MspDeInit
C:\Users\tugru\AppData\Local\Temp\ccCdot6I.s:306    .text.HAL_SPI_MspDeInit:0000002c $d
C:\Users\tugru\AppData\Local\Temp\ccCdot6I.s:314    .text.HAL_UART_MspInit:00000000 $t
C:\Users\tugru\AppData\Local\Temp\ccCdot6I.s:320    .text.HAL_UART_MspInit:00000000 HAL_UART_MspInit
C:\Users\tugru\AppData\Local\Temp\ccCdot6I.s:426    .text.HAL_UART_MspInit:00000068 $d
C:\Users\tugru\AppData\Local\Temp\ccCdot6I.s:432    .text.HAL_UART_MspDeInit:00000000 $t
C:\Users\tugru\AppData\Local\Temp\ccCdot6I.s:438    .text.HAL_UART_MspDeInit:00000000 HAL_UART_MspDeInit
C:\Users\tugru\AppData\Local\Temp\ccCdot6I.s:481    .text.HAL_UART_MspDeInit:00000020 $d

UNDEFINED SYMBOLS
HAL_NVIC_SetPriorityGrouping
HAL_GPIO_Init
HAL_GPIO_DeInit
